{"/Users/emiryscn/repos/tdd/analyze-array/analyze-array.js": {"path":"/Users/emiryscn/repos/tdd/analyze-array/analyze-array.js","statementMap":{"0":{"start":{"line":2,"column":2},"end":{"line":4,"column":3}},"1":{"start":{"line":3,"column":4},"end":{"line":3,"column":48}},"2":{"start":{"line":5,"column":17},"end":{"line":10,"column":3}},"3":{"start":{"line":11,"column":2},"end":{"line":11,"column":22}},"4":{"start":{"line":13,"column":2},"end":{"line":13,"column":16}},"5":{"start":{"line":17,"column":14},"end":{"line":17,"column":15}},"6":{"start":{"line":18,"column":2},"end":{"line":20,"column":3}},"7":{"start":{"line":19,"column":4},"end":{"line":19,"column":17}},"8":{"start":{"line":21,"column":2},"end":{"line":21,"column":30}},"9":{"start":{"line":25,"column":12},"end":{"line":25,"column":20}},"10":{"start":{"line":26,"column":2},"end":{"line":28,"column":3}},"11":{"start":{"line":26,"column":15},"end":{"line":26,"column":16}},"12":{"start":{"line":27,"column":4},"end":{"line":27,"column":39}},"13":{"start":{"line":27,"column":24},"end":{"line":27,"column":39}},"14":{"start":{"line":29,"column":2},"end":{"line":29,"column":13}},"15":{"start":{"line":33,"column":12},"end":{"line":33,"column":20}},"16":{"start":{"line":34,"column":2},"end":{"line":36,"column":3}},"17":{"start":{"line":34,"column":15},"end":{"line":34,"column":16}},"18":{"start":{"line":35,"column":4},"end":{"line":35,"column":39}},"19":{"start":{"line":35,"column":24},"end":{"line":35,"column":39}},"20":{"start":{"line":38,"column":2},"end":{"line":38,"column":13}},"21":{"start":{"line":42,"column":2},"end":{"line":42,"column":60}},"22":{"start":{"line":42,"column":31},"end":{"line":42,"column":58}},"23":{"start":{"line":45,"column":0},"end":{"line":45,"column":30}}},"fnMap":{"0":{"name":"analyzeArray","decl":{"start":{"line":1,"column":9},"end":{"line":1,"column":21}},"loc":{"start":{"line":1,"column":29},"end":{"line":14,"column":1}},"line":1},"1":{"name":"getAverage","decl":{"start":{"line":16,"column":9},"end":{"line":16,"column":19}},"loc":{"start":{"line":16,"column":27},"end":{"line":22,"column":1}},"line":16},"2":{"name":"getMin","decl":{"start":{"line":24,"column":9},"end":{"line":24,"column":15}},"loc":{"start":{"line":24,"column":23},"end":{"line":30,"column":1}},"line":24},"3":{"name":"getMax","decl":{"start":{"line":32,"column":9},"end":{"line":32,"column":15}},"loc":{"start":{"line":32,"column":23},"end":{"line":39,"column":1}},"line":32},"4":{"name":"hasNonNumber","decl":{"start":{"line":41,"column":9},"end":{"line":41,"column":21}},"loc":{"start":{"line":41,"column":27},"end":{"line":43,"column":1}},"line":41},"5":{"name":"(anonymous_5)","decl":{"start":{"line":42,"column":18},"end":{"line":42,"column":19}},"loc":{"start":{"line":42,"column":31},"end":{"line":42,"column":58}},"line":42}},"branchMap":{"0":{"loc":{"start":{"line":2,"column":2},"end":{"line":4,"column":3}},"type":"if","locations":[{"start":{"line":2,"column":2},"end":{"line":4,"column":3}},{"start":{},"end":{}}],"line":2},"1":{"loc":{"start":{"line":27,"column":4},"end":{"line":27,"column":39}},"type":"if","locations":[{"start":{"line":27,"column":4},"end":{"line":27,"column":39}},{"start":{},"end":{}}],"line":27},"2":{"loc":{"start":{"line":35,"column":4},"end":{"line":35,"column":39}},"type":"if","locations":[{"start":{"line":35,"column":4},"end":{"line":35,"column":39}},{"start":{},"end":{}}],"line":35}},"s":{"0":2,"1":1,"2":1,"3":1,"4":1,"5":1,"6":1,"7":6,"8":1,"9":1,"10":1,"11":1,"12":6,"13":1,"14":1,"15":1,"16":1,"17":1,"18":6,"19":1,"20":1,"21":2,"22":11,"23":1},"f":{"0":2,"1":1,"2":1,"3":1,"4":2,"5":11},"b":{"0":[1,1],"1":[1,5],"2":[1,5]},"_coverageSchema":"1a1c01bbd47fc00a2c39e90264f33305004495a9","hash":"3c292f145730cf4243f9f9ac1cbfe2ea02348208"}
,"/Users/emiryscn/repos/tdd/caesar-cipher/caesar-cipher.js": {"path":"/Users/emiryscn/repos/tdd/caesar-cipher/caesar-cipher.js","statementMap":{"0":{"start":{"line":2,"column":15},"end":{"line":2,"column":17}},"1":{"start":{"line":4,"column":2},"end":{"line":26,"column":3}},"2":{"start":{"line":4,"column":15},"end":{"line":4,"column":16}},"3":{"start":{"line":5,"column":22},"end":{"line":5,"column":42}},"4":{"start":{"line":7,"column":4},"end":{"line":25,"column":5}},"5":{"start":{"line":8,"column":24},"end":{"line":8,"column":52}},"6":{"start":{"line":9,"column":6},"end":{"line":13,"column":7}},"7":{"start":{"line":10,"column":8},"end":{"line":10,"column":26}},"8":{"start":{"line":11,"column":13},"end":{"line":13,"column":7}},"9":{"start":{"line":12,"column":8},"end":{"line":12,"column":26}},"10":{"start":{"line":14,"column":6},"end":{"line":14,"column":52}},"11":{"start":{"line":15,"column":11},"end":{"line":25,"column":5}},"12":{"start":{"line":16,"column":24},"end":{"line":16,"column":52}},"13":{"start":{"line":17,"column":6},"end":{"line":21,"column":7}},"14":{"start":{"line":18,"column":8},"end":{"line":18,"column":26}},"15":{"start":{"line":19,"column":13},"end":{"line":21,"column":7}},"16":{"start":{"line":20,"column":8},"end":{"line":20,"column":26}},"17":{"start":{"line":22,"column":6},"end":{"line":22,"column":52}},"18":{"start":{"line":24,"column":6},"end":{"line":24,"column":29}},"19":{"start":{"line":27,"column":2},"end":{"line":27,"column":25}},"20":{"start":{"line":30,"column":0},"end":{"line":30,"column":30}}},"fnMap":{"0":{"name":"caesarCipher","decl":{"start":{"line":1,"column":9},"end":{"line":1,"column":21}},"loc":{"start":{"line":1,"column":37},"end":{"line":28,"column":1}},"line":1}},"branchMap":{"0":{"loc":{"start":{"line":7,"column":4},"end":{"line":25,"column":5}},"type":"if","locations":[{"start":{"line":7,"column":4},"end":{"line":25,"column":5}},{"start":{"line":15,"column":11},"end":{"line":25,"column":5}}],"line":7},"1":{"loc":{"start":{"line":7,"column":8},"end":{"line":7,"column":46}},"type":"binary-expr","locations":[{"start":{"line":7,"column":8},"end":{"line":7,"column":25}},{"start":{"line":7,"column":29},"end":{"line":7,"column":46}}],"line":7},"2":{"loc":{"start":{"line":9,"column":6},"end":{"line":13,"column":7}},"type":"if","locations":[{"start":{"line":9,"column":6},"end":{"line":13,"column":7}},{"start":{"line":11,"column":13},"end":{"line":13,"column":7}}],"line":9},"3":{"loc":{"start":{"line":11,"column":13},"end":{"line":13,"column":7}},"type":"if","locations":[{"start":{"line":11,"column":13},"end":{"line":13,"column":7}},{"start":{},"end":{}}],"line":11},"4":{"loc":{"start":{"line":15,"column":11},"end":{"line":25,"column":5}},"type":"if","locations":[{"start":{"line":15,"column":11},"end":{"line":25,"column":5}},{"start":{"line":23,"column":11},"end":{"line":25,"column":5}}],"line":15},"5":{"loc":{"start":{"line":15,"column":15},"end":{"line":15,"column":54}},"type":"binary-expr","locations":[{"start":{"line":15,"column":15},"end":{"line":15,"column":32}},{"start":{"line":15,"column":36},"end":{"line":15,"column":54}}],"line":15},"6":{"loc":{"start":{"line":17,"column":6},"end":{"line":21,"column":7}},"type":"if","locations":[{"start":{"line":17,"column":6},"end":{"line":21,"column":7}},{"start":{"line":19,"column":13},"end":{"line":21,"column":7}}],"line":17},"7":{"loc":{"start":{"line":19,"column":13},"end":{"line":21,"column":7}},"type":"if","locations":[{"start":{"line":19,"column":13},"end":{"line":21,"column":7}},{"start":{},"end":{}}],"line":19}},"s":{"0":13,"1":13,"2":13,"3":89,"4":89,"5":27,"6":27,"7":12,"8":15,"9":9,"10":27,"11":62,"12":46,"13":46,"14":12,"15":34,"16":9,"17":46,"18":16,"19":13,"20":1},"f":{"0":13},"b":{"0":[27,62],"1":[89,73],"2":[12,15],"3":[9,6],"4":[46,16],"5":[62,46],"6":[12,34],"7":[9,25]},"_coverageSchema":"1a1c01bbd47fc00a2c39e90264f33305004495a9","hash":"f4d92be8fcae740aea1b147a6d157d9fb9fe0ac3"}
,"/Users/emiryscn/repos/tdd/calculator/calculator.js": {"path":"/Users/emiryscn/repos/tdd/calculator/calculator.js","statementMap":{"0":{"start":{"line":1,"column":19},"end":{"line":14,"column":1}},"1":{"start":{"line":3,"column":4},"end":{"line":3,"column":23}},"2":{"start":{"line":6,"column":4},"end":{"line":6,"column":23}},"3":{"start":{"line":9,"column":4},"end":{"line":9,"column":23}},"4":{"start":{"line":12,"column":4},"end":{"line":12,"column":23}},"5":{"start":{"line":16,"column":0},"end":{"line":16,"column":28}}},"fnMap":{"0":{"name":"(anonymous_0)","decl":{"start":{"line":2,"column":7},"end":{"line":2,"column":8}},"loc":{"start":{"line":2,"column":29},"end":{"line":4,"column":3}},"line":2},"1":{"name":"(anonymous_1)","decl":{"start":{"line":5,"column":12},"end":{"line":5,"column":13}},"loc":{"start":{"line":5,"column":34},"end":{"line":7,"column":3}},"line":5},"2":{"name":"(anonymous_2)","decl":{"start":{"line":8,"column":10},"end":{"line":8,"column":11}},"loc":{"start":{"line":8,"column":32},"end":{"line":10,"column":3}},"line":8},"3":{"name":"(anonymous_3)","decl":{"start":{"line":11,"column":12},"end":{"line":11,"column":13}},"loc":{"start":{"line":11,"column":34},"end":{"line":13,"column":3}},"line":11}},"branchMap":{},"s":{"0":1,"1":1,"2":1,"3":1,"4":1,"5":1},"f":{"0":1,"1":1,"2":1,"3":1},"b":{},"_coverageSchema":"1a1c01bbd47fc00a2c39e90264f33305004495a9","hash":"6ff7dcbe874beaead77bfc86c27d3836c9935f53"}
,"/Users/emiryscn/repos/tdd/capitalize/capitalize.js": {"path":"/Users/emiryscn/repos/tdd/capitalize/capitalize.js","statementMap":{"0":{"start":{"line":2,"column":2},"end":{"line":4,"column":3}},"1":{"start":{"line":3,"column":4},"end":{"line":3,"column":24}},"2":{"start":{"line":5,"column":2},"end":{"line":5,"column":45}},"3":{"start":{"line":8,"column":0},"end":{"line":8,"column":28}}},"fnMap":{"0":{"name":"capitalize","decl":{"start":{"line":1,"column":9},"end":{"line":1,"column":19}},"loc":{"start":{"line":1,"column":25},"end":{"line":6,"column":1}},"line":1}},"branchMap":{"0":{"loc":{"start":{"line":2,"column":2},"end":{"line":4,"column":3}},"type":"if","locations":[{"start":{"line":2,"column":2},"end":{"line":4,"column":3}},{"start":{},"end":{}}],"line":2}},"s":{"0":4,"1":2,"2":2,"3":1},"f":{"0":4},"b":{"0":[2,2]},"_coverageSchema":"1a1c01bbd47fc00a2c39e90264f33305004495a9","hash":"755a4a45c7ee979c24258e9f04f042fe050b11a8"}
,"/Users/emiryscn/repos/tdd/reverseString/reverse-string.js": {"path":"/Users/emiryscn/repos/tdd/reverseString/reverse-string.js","statementMap":{"0":{"start":{"line":2,"column":23},"end":{"line":2,"column":25}},"1":{"start":{"line":4,"column":2},"end":{"line":6,"column":3}},"2":{"start":{"line":4,"column":15},"end":{"line":4,"column":25}},"3":{"start":{"line":5,"column":4},"end":{"line":5,"column":32}},"4":{"start":{"line":8,"column":2},"end":{"line":8,"column":33}},"5":{"start":{"line":11,"column":0},"end":{"line":11,"column":31}}},"fnMap":{"0":{"name":"reverseString","decl":{"start":{"line":1,"column":9},"end":{"line":1,"column":22}},"loc":{"start":{"line":1,"column":28},"end":{"line":9,"column":1}},"line":1}},"branchMap":{},"s":{"0":2,"1":2,"2":2,"3":17,"4":2,"5":1},"f":{"0":2},"b":{},"_coverageSchema":"1a1c01bbd47fc00a2c39e90264f33305004495a9","hash":"241cb4cbbca1ea271c6ee95420e0ecd401768d06"}
}
