TN:
SF:analyze-array/analyze-array.js
FN:1,analyzeArray
FN:16,getAverage
FN:24,getMin
FN:32,getMax
FN:41,hasNonNumber
FN:42,(anonymous_5)
FNF:6
FNH:6
FNDA:2,analyzeArray
FNDA:1,getAverage
FNDA:1,getMin
FNDA:1,getMax
FNDA:2,hasNonNumber
FNDA:11,(anonymous_5)
DA:2,2
DA:3,1
DA:5,1
DA:11,1
DA:13,1
DA:17,1
DA:18,1
DA:19,6
DA:21,1
DA:25,1
DA:26,1
DA:27,6
DA:29,1
DA:33,1
DA:34,1
DA:35,6
DA:38,1
DA:42,11
DA:45,1
LF:19
LH:19
BRDA:2,0,0,1
BRDA:2,0,1,1
BRDA:27,1,0,1
BRDA:27,1,1,5
BRDA:35,2,0,1
BRDA:35,2,1,5
BRF:6
BRH:6
end_of_record
TN:
SF:caesar-cipher/caesar-cipher.js
FN:1,caesarCipher
FNF:1
FNH:1
FNDA:13,caesarCipher
DA:2,13
DA:4,13
DA:5,89
DA:7,89
DA:8,27
DA:9,27
DA:10,12
DA:11,15
DA:12,9
DA:14,27
DA:15,62
DA:16,46
DA:17,46
DA:18,12
DA:19,34
DA:20,9
DA:22,46
DA:24,16
DA:27,13
DA:30,1
LF:20
LH:20
BRDA:7,0,0,27
BRDA:7,0,1,62
BRDA:7,1,0,89
BRDA:7,1,1,73
BRDA:9,2,0,12
BRDA:9,2,1,15
BRDA:11,3,0,9
BRDA:11,3,1,6
BRDA:15,4,0,46
BRDA:15,4,1,16
BRDA:15,5,0,62
BRDA:15,5,1,46
BRDA:17,6,0,12
BRDA:17,6,1,34
BRDA:19,7,0,9
BRDA:19,7,1,25
BRF:16
BRH:16
end_of_record
TN:
SF:calculator/calculator.js
FN:2,(anonymous_0)
FN:5,(anonymous_1)
FN:8,(anonymous_2)
FN:11,(anonymous_3)
FNF:4
FNH:4
FNDA:1,(anonymous_0)
FNDA:1,(anonymous_1)
FNDA:1,(anonymous_2)
FNDA:1,(anonymous_3)
DA:1,1
DA:3,1
DA:6,1
DA:9,1
DA:12,1
DA:16,1
LF:6
LH:6
BRF:0
BRH:0
end_of_record
TN:
SF:capitalize/capitalize.js
FN:1,capitalize
FNF:1
FNH:1
FNDA:4,capitalize
DA:2,4
DA:3,2
DA:5,2
DA:8,1
LF:4
LH:4
BRDA:2,0,0,2
BRDA:2,0,1,2
BRF:2
BRH:2
end_of_record
TN:
SF:reverseString/reverse-string.js
FN:1,reverseString
FNF:1
FNH:1
FNDA:2,reverseString
DA:2,2
DA:4,2
DA:5,17
DA:8,2
DA:11,1
LF:5
LH:5
BRF:0
BRH:0
end_of_record
